mode: set
court-remands/remandstimes.go:3.46,4.30 1 1
court-remands/remandstimes.go:7.2,7.14 1 1
court-remands/remandstimes.go:4.30,6.3 1 1
court-remands/remandstimes.go:10.59,11.16 1 1
court-remands/remandstimes.go:14.2,14.14 1 1
court-remands/remandstimes.go:11.16,13.3 1 1
court-remands/remandstimes.go:17.60,18.30 1 1
court-remands/remandstimes.go:21.2,21.14 1 1
court-remands/remandstimes.go:18.30,20.3 1 1
court-remands/remandstimes.go:24.57,25.30 1 1
court-remands/remandstimes.go:28.2,28.14 1 1
court-remands/remandstimes.go:25.30,27.3 1 1
court-remands/courttype.go:3.40,4.23 1 1
court-remands/courttype.go:10.2,10.14 1 1
court-remands/courttype.go:4.23,6.3 1 1
court-remands/courttype.go:6.8,6.34 1 1
court-remands/courttype.go:6.34,9.3 1 1
court-remands/finerate.go:3.42,5.34 1 1
court-remands/finerate.go:8.2,8.14 1 1
court-remands/finerate.go:5.34,7.3 1 1
court-remands/finerate.go:11.45,13.32 1 1
court-remands/finerate.go:18.2,18.10 1 1
court-remands/finerate.go:13.32,15.3 1 1
court-remands/finerate.go:15.8,15.25 1 1
court-remands/finerate.go:15.25,17.3 1 1
court-remands/main.go:5.13,7.2 1 0
court-remands/main.go:9.34,13.2 3 1
court-remands/main.go:16.2,16.10 1 1
court-remands/main.go:13.2,15.3 1 1
court-remands/main.go:19.27,24.2 1 1
court-remands/penaltyrate.go:3.46,5.30 1 1
court-remands/penaltyrate.go:8.2,8.14 1 1
court-remands/penaltyrate.go:5.30,7.3 1 1
court-remands/penaltyrate.go:11.49,13.30 1 1
court-remands/penaltyrate.go:20.2,20.10 1 1
court-remands/penaltyrate.go:13.30,15.3 1 1
court-remands/penaltyrate.go:15.8,15.39 1 1
court-remands/penaltyrate.go:15.39,17.3 1 1
court-remands/penaltyrate.go:17.8,17.25 1 1
court-remands/penaltyrate.go:17.25,19.3 1 1
court-remands/remandsdate.go:3.45,4.30 1 1
court-remands/remandsdate.go:7.2,7.14 1 1
court-remands/remandsdate.go:4.30,6.3 1 1
court-remands/remandsdate.go:10.57,11.30 1 1
court-remands/remandsdate.go:14.2,14.14 1 1
court-remands/remandsdate.go:11.30,13.3 1 1
court-remands/remandsdate.go:17.59,18.31 1 1
court-remands/remandsdate.go:21.2,21.14 1 1
court-remands/remandsdate.go:18.31,20.3 1 1
court-remands/remandsdate.go:24.56,25.31 1 1
court-remands/remandsdate.go:28.2,28.14 1 1
court-remands/remandsdate.go:25.31,27.3 1 1
