mode: set
court-remands/remandsdate.go:3.45,5.2 1 1
court-remands/remandsdate.go:7.57,9.2 1 1
court-remands/remandsdate.go:11.59,13.2 1 1
court-remands/remandsdate.go:15.56,17.2 1 1
court-remands/remandstimes.go:3.46,5.2 1 1
court-remands/remandstimes.go:7.59,9.2 1 1
court-remands/remandstimes.go:11.60,13.2 1 1
court-remands/remandstimes.go:15.57,17.2 1 1
court-remands/courttype.go:3.40,5.23 1 1
court-remands/courttype.go:12.2,12.14 1 1
court-remands/courttype.go:5.23,8.3 1 1
court-remands/courttype.go:8.8,8.34 1 1
court-remands/courttype.go:8.34,11.3 1 1
court-remands/finerate.go:3.42,5.2 1 1
court-remands/finerate.go:7.45,9.2 1 1
court-remands/main.go:5.13,9.2 3 0
court-remands/main.go:11.27,16.2 1 0
court-remands/penaltyrate.go:3.46,5.2 1 1
court-remands/penaltyrate.go:7.49,9.2 1 1
